# JRE version: OpenJDK Runtime Environment Temurin-17.0.3+7 (17.0.3+7) (build 17.0.3+7)
# Java VM: OpenJDK 64-Bit Server VM Temurin-17.0.3+7 (17.0.3+7, mixed mode, tiered, compressed oops, compressed class ptrs, parallel gc, windows-amd64)
GC Precious Log:
 CPUs: 2 total, 2 available
 Memory: 3843M
 Large Page Support: Disabled
 NUMA Support: Disabled
 Compressed Oops: Enabled (32-bit)
 Alignments: Space 512K, Generation 512K, Heap 2M
 Heap Min Capacity: 100M
 Heap Initial Capacity: 100M
 Heap Max Capacity: 1G
 Pre-touch: Disabled
 Parallel Workers: 2
Heap:
 PSYoungGen      total 15360K, used 8038K [0x00000000eab00000, 0x00000000ebb80000, 0x0000000100000000)
  eden space 14848K, 51% used [0x00000000eab00000,0x00000000eb2818c0,0x00000000eb980000)
  from space 512K, 68% used [0x00000000ebb00000,0x00000000ebb58000,0x00000000ebb80000)
  to   space 512K, 0% used [0x00000000eba80000,0x00000000eba80000,0x00000000ebb00000)
 ParOldGen       total 68608K, used 56091K [0x00000000c0000000, 0x00000000c4300000, 0x00000000eab00000)
  object space 68608K, 81% used [0x00000000c0000000,0x00000000c36c6d60,0x00000000c4300000)
 Metaspace       used 60548K, committed 61696K, reserved 1105920K
  class space    used 6269K, committed 6784K, reserved 1048576K
GC Heap History (20 events):
Event: 175.660 GC heap before
{Heap before GC invocations=36 (full 2):
 PSYoungGen      total 19456K, used 18611K [0x00000000eab00000, 0x00000000ebf80000, 0x0000000100000000)
  eden space 17920K, 99% used [0x00000000eab00000,0x00000000ebc7fff0,0x00000000ebc80000)
  from space 1536K, 45% used [0x00000000ebd00000,0x00000000ebdacfe0,0x00000000ebe80000)
  to   space 1024K, 0% used [0x00000000ebe80000,0x00000000ebe80000,0x00000000ebf80000)
 ParOldGen       total 68608K, used 46928K [0x00000000c0000000, 0x00000000c4300000, 0x00000000eab00000)
  object space 68608K, 68% used [0x00000000c0000000,0x00000000c2dd4348,0x00000000c4300000)
 Metaspace       used 57695K, committed 58816K, reserved 1105920K
  class space    used 6059K, committed 6592K, reserved 1048576K
}
Event: 175.663 GC heap after
{Heap after GC invocations=36 (full 2):
 PSYoungGen      total 18432K, used 308K [0x00000000eab00000, 0x00000000ebf00000, 0x0000000100000000)
  eden space 17920K, 0% used [0x00000000eab00000,0x00000000eab00000,0x00000000ebc80000)
  from space 512K, 60% used [0x00000000ebe80000,0x00000000ebecd200,0x00000000ebf00000)
  to   space 512K, 0% used [0x00000000ebe00000,0x00000000ebe00000,0x00000000ebe80000)
 ParOldGen       total 68608K, used 47117K [0x00000000c0000000, 0x00000000c4300000, 0x00000000eab00000)
  object space 68608K, 68% used [0x00000000c0000000,0x00000000c2e03560,0x00000000c4300000)
 Metaspace       used 57695K, committed 58816K, reserved 1105920K
  class space    used 6059K, committed 6592K, reserved 1048576K
}
Event: 178.686 GC heap before
{Heap before GC invocations=37 (full 2):
 PSYoungGen      total 18432K, used 18228K [0x00000000eab00000, 0x00000000ebf00000, 0x0000000100000000)
  eden space 17920K, 99% used [0x00000000eab00000,0x00000000ebc7fff0,0x00000000ebc80000)
  from space 512K, 60% used [0x00000000ebe80000,0x00000000ebecd200,0x00000000ebf00000)
  to   space 512K, 0% used [0x00000000ebe00000,0x00000000ebe00000,0x00000000ebe80000)
 ParOldGen       total 68608K, used 47117K [0x00000000c0000000, 0x00000000c4300000, 0x00000000eab00000)
  object space 68608K, 68% used [0x00000000c0000000,0x00000000c2e03560,0x00000000c4300000)
 Metaspace       used 57884K, committed 59008K, reserved 1105920K
  class space    used 6075K, committed 6592K, reserved 1048576K
}
Event: 178.689 GC heap after
{Heap after GC invocations=37 (full 2):
 PSYoungGen      total 18432K, used 464K [0x00000000eab00000, 0x00000000ebf00000, 0x0000000100000000)
  eden space 17920K, 0% used [0x00000000eab00000,0x00000000eab00000,0x00000000ebc80000)
  from space 512K, 90% used [0x00000000ebe00000,0x00000000ebe74010,0x00000000ebe80000)
  to   space 512K, 0% used [0x00000000ebe80000,0x00000000ebe80000,0x00000000ebf00000)
 ParOldGen       total 68608K, used 47297K [0x00000000c0000000, 0x00000000c4300000, 0x00000000eab00000)
  object space 68608K, 68% used [0x00000000c0000000,0x00000000c2e30760,0x00000000c4300000)
 Metaspace       used 57884K, committed 59008K, reserved 1105920K
  class space    used 6075K, committed 6592K, reserved 1048576K
}
Event: 215.405 GC heap before
{Heap before GC invocations=38 (full 2):
 PSYoungGen      total 18432K, used 18384K [0x00000000eab00000, 0x00000000ebf00000, 0x0000000100000000)
  eden space 17920K, 100% used [0x00000000eab00000,0x00000000ebc80000,0x00000000ebc80000)
  from space 512K, 90% used [0x00000000ebe00000,0x00000000ebe74010,0x00000000ebe80000)
  to   space 512K, 0% used [0x00000000ebe80000,0x00000000ebe80000,0x00000000ebf00000)
 ParOldGen       total 68608K, used 47297K [0x00000000c0000000, 0x00000000c4300000, 0x00000000eab00000)
  object space 68608K, 68% used [0x00000000c0000000,0x00000000c2e30760,0x00000000c4300000)
 Metaspace       used 57951K, committed 59136K, reserved 1105920K
  class space    used 6082K, committed 6592K, reserved 1048576K
}
Event: 215.409 GC heap after
{Heap after GC invocations=38 (full 2):
 PSYoungGen      total 15872K, used 497K [0x00000000eab00000, 0x00000000ec580000, 0x0000000100000000)
  eden space 15360K, 0% used [0x00000000eab00000,0x00000000eab00000,0x00000000eba00000)
  from space 512K, 97% used [0x00000000ebe80000,0x00000000ebefc670,0x00000000ebf00000)
  to   space 4608K, 0% used [0x00000000eba00000,0x00000000eba00000,0x00000000ebe80000)
 ParOldGen       total 68608K, used 50414K [0x00000000c0000000, 0x00000000c4300000, 0x00000000eab00000)
  object space 68608K, 73% used [0x00000000c0000000,0x00000000c313b9b0,0x00000000c4300000)
 Metaspace       used 57951K, committed 59136K, reserved 1105920K
  class space    used 6082K, committed 6592K, reserved 1048576K
}
Event: 223.543 GC heap before
{Heap before GC invocations=39 (full 2):
 PSYoungGen      total 15872K, used 15857K [0x00000000eab00000, 0x00000000ec580000, 0x0000000100000000)
  eden space 15360K, 100% used [0x00000000eab00000,0x00000000eba00000,0x00000000eba00000)
  from space 512K, 97% used [0x00000000ebe80000,0x00000000ebefc670,0x00000000ebf00000)
  to   space 4608K, 0% used [0x00000000eba00000,0x00000000eba00000,0x00000000ebe80000)
 ParOldGen       total 68608K, used 50414K [0x00000000c0000000, 0x00000000c4300000, 0x00000000eab00000)
  object space 68608K, 73% used [0x00000000c0000000,0x00000000c313b9b0,0x00000000c4300000)
 Metaspace       used 58613K, committed 59776K, reserved 1105920K
  class space    used 6138K, committed 6656K, reserved 1048576K
}
Event: 223.550 GC heap after
{Heap after GC invocations=39 (full 2):
 PSYoungGen      total 17920K, used 2123K [0x00000000eab00000, 0x00000000ec000000, 0x0000000100000000)
  eden space 15360K, 0% used [0x00000000eab00000,0x00000000eab00000,0x00000000eba00000)
  from space 2560K, 82% used [0x00000000eba00000,0x00000000ebc12e40,0x00000000ebc80000)
  to   space 3072K, 0% used [0x00000000ebd00000,0x00000000ebd00000,0x00000000ec000000)
 ParOldGen       total 68608K, used 50895K [0x00000000c0000000, 0x00000000c4300000, 0x00000000eab00000)
  object space 68608K, 74% used [0x00000000c0000000,0x00000000c31b3d00,0x00000000c4300000)
 Metaspace       used 58613K, committed 59776K, reserved 1105920K
  class space    used 6138K, committed 6656K, reserved 1048576K
}
Event: 224.378 GC heap before
{Heap before GC invocations=40 (full 2):
 PSYoungGen      total 17920K, used 3408K [0x00000000eab00000, 0x00000000ec000000, 0x0000000100000000)
  eden space 15360K, 8% used [0x00000000eab00000,0x00000000eac413d0,0x00000000eba00000)
  from space 2560K, 82% used [0x00000000eba00000,0x00000000ebc12e40,0x00000000ebc80000)
  to   space 3072K, 0% used [0x00000000ebd00000,0x00000000ebd00000,0x00000000ec000000)
 ParOldGen       total 68608K, used 50895K [0x00000000c0000000, 0x00000000c4300000, 0x00000000eab00000)
  object space 68608K, 74% used [0x00000000c0000000,0x00000000c31b3d00,0x00000000c4300000)
 Metaspace       used 58664K, committed 59776K, reserved 1105920K
  class space    used 6139K, committed 6656K, reserved 1048576K
}
Event: 224.383 GC heap after
{Heap after GC invocations=40 (full 2):
 PSYoungGen      total 15872K, used 160K [0x00000000eab00000, 0x00000000ebd80000, 0x0000000100000000)
  eden space 15360K, 0% used [0x00000000eab00000,0x00000000eab00000,0x00000000eba00000)
  from space 512K, 31% used [0x00000000ebd00000,0x00000000ebd28000,0x00000000ebd80000)
  to   space 1024K, 0% used [0x00000000ebb80000,0x00000000ebb80000,0x00000000ebc80000)
 ParOldGen       total 68608K, used 52948K [0x00000000c0000000, 0x00000000c4300000, 0x00000000eab00000)
  object space 68608K, 77% used [0x00000000c0000000,0x00000000c33b5098,0x00000000c4300000)
 Metaspace       used 58664K, committed 59776K, reserved 1105920K
  class space    used 6139K, committed 6656K, reserved 1048576K
}
Event: 224.383 GC heap before
{Heap before GC invocations=41 (full 3):
 PSYoungGen      total 15872K, used 160K [0x00000000eab00000, 0x00000000ebd80000, 0x0000000100000000)
  eden space 15360K, 0% used [0x00000000eab00000,0x00000000eab00000,0x00000000eba00000)
  from space 512K, 31% used [0x00000000ebd00000,0x00000000ebd28000,0x00000000ebd80000)
  to   space 1024K, 0% used [0x00000000ebb80000,0x00000000ebb80000,0x00000000ebc80000)
 ParOldGen       total 68608K, used 52948K [0x00000000c0000000, 0x00000000c4300000, 0x00000000eab00000)
  object space 68608K, 77% used [0x00000000c0000000,0x00000000c33b5098,0x00000000c4300000)
 Metaspace       used 58664K, committed 59776K, reserved 1105920K
  class space    used 6139K, committed 6656K, reserved 1048576K
}
Event: 224.948 GC heap after
{Heap after GC invocations=41 (full 3):
 PSYoungGen      total 15872K, used 0K [0x00000000eab00000, 0x00000000ebd80000, 0x0000000100000000)
  eden space 15360K, 0% used [0x00000000eab00000,0x00000000eab00000,0x00000000eba00000)
  from space 512K, 0% used [0x00000000ebd00000,0x00000000ebd00000,0x00000000ebd80000)
  to   space 1024K, 0% used [0x00000000ebb80000,0x00000000ebb80000,0x00000000ebc80000)
 ParOldGen       total 68608K, used 50735K [0x00000000c0000000, 0x00000000c4300000, 0x00000000eab00000)
  object space 68608K, 73% used [0x00000000c0000000,0x00000000c318be78,0x00000000c4300000)
 Metaspace       used 58664K, committed 59776K, reserved 1105920K
  class space    used 6139K, committed 6656K, reserved 1048576K
}
Event: 231.087 GC heap before
{Heap before GC invocations=42 (full 3):
 PSYoungGen      total 15872K, used 15360K [0x00000000eab00000, 0x00000000ebd80000, 0x0000000100000000)
  eden space 15360K, 100% used [0x00000000eab00000,0x00000000eba00000,0x00000000eba00000)
  from space 512K, 0% used [0x00000000ebd00000,0x00000000ebd00000,0x00000000ebd80000)
  to   space 1024K, 0% used [0x00000000ebb80000,0x00000000ebb80000,0x00000000ebc80000)
 ParOldGen       total 68608K, used 50735K [0x00000000c0000000, 0x00000000c4300000, 0x00000000eab00000)
  object space 68608K, 73% used [0x00000000c0000000,0x00000000c318be78,0x00000000c4300000)
 Metaspace       used 59227K, committed 60288K, reserved 1105920K
  class space    used 6175K, committed 6656K, reserved 1048576K
}
Event: 231.090 GC heap after
{Heap after GC invocations=42 (full 3):
 PSYoungGen      total 16384K, used 928K [0x00000000eab00000, 0x00000000ebd80000, 0x0000000100000000)
  eden space 15360K, 0% used [0x00000000eab00000,0x00000000eab00000,0x00000000eba00000)
  from space 1024K, 90% used [0x00000000ebb80000,0x00000000ebc68000,0x00000000ebc80000)
  to   space 1024K, 0% used [0x00000000ebc80000,0x00000000ebc80000,0x00000000ebd80000)
 ParOldGen       total 68608K, used 50743K [0x00000000c0000000, 0x00000000c4300000, 0x00000000eab00000)
  object space 68608K, 73% used [0x00000000c0000000,0x00000000c318de78,0x00000000c4300000)
 Metaspace       used 59227K, committed 60288K, reserved 1105920K
  class space    used 6175K, committed 6656K, reserved 1048576K
}
Event: 242.671 GC heap before
{Heap before GC invocations=43 (full 3):
 PSYoungGen      total 16384K, used 16288K [0x00000000eab00000, 0x00000000ebd80000, 0x0000000100000000)
  eden space 15360K, 100% used [0x00000000eab00000,0x00000000eba00000,0x00000000eba00000)
  from space 1024K, 90% used [0x00000000ebb80000,0x00000000ebc68000,0x00000000ebc80000)
  to   space 1024K, 0% used [0x00000000ebc80000,0x00000000ebc80000,0x00000000ebd80000)
 ParOldGen       total 68608K, used 50743K [0x00000000c0000000, 0x00000000c4300000, 0x00000000eab00000)
  object space 68608K, 73% used [0x00000000c0000000,0x00000000c318de78,0x00000000c4300000)
 Metaspace       used 60051K, committed 61248K, reserved 1105920K
  class space    used 6246K, committed 6784K, reserved 1048576K
}
Event: 242.677 GC heap after
{Heap after GC invocations=43 (full 3):
 PSYoungGen      total 15872K, used 1024K [0x00000000eab00000, 0x00000000ec000000, 0x0000000100000000)
  eden space 14848K, 0% used [0x00000000eab00000,0x00000000eab00000,0x00000000eb980000)
  from space 1024K, 100% used [0x00000000ebc80000,0x00000000ebd80000,0x00000000ebd80000)
  to   space 3072K, 0% used [0x00000000eb980000,0x00000000eb980000,0x00000000ebc80000)
 ParOldGen       total 68608K, used 52357K [0x00000000c0000000, 0x00000000c4300000, 0x00000000eab00000)
  object space 68608K, 76% used [0x00000000c0000000,0x00000000c33217d8,0x00000000c4300000)
 Metaspace       used 60051K, committed 61248K, reserved 1105920K
  class space    used 6246K, committed 6784K, reserved 1048576K
}
Event: 244.886 GC heap before
{Heap before GC invocations=44 (full 3):
 PSYoungGen      total 15872K, used 15872K [0x00000000eab00000, 0x00000000ec000000, 0x0000000100000000)
  eden space 14848K, 100% used [0x00000000eab00000,0x00000000eb980000,0x00000000eb980000)
  from space 1024K, 100% used [0x00000000ebc80000,0x00000000ebd80000,0x00000000ebd80000)
  to   space 3072K, 0% used [0x00000000eb980000,0x00000000eb980000,0x00000000ebc80000)
 ParOldGen       total 68608K, used 52357K [0x00000000c0000000, 0x00000000c4300000, 0x00000000eab00000)
  object space 68608K, 76% used [0x00000000c0000000,0x00000000c33217d8,0x00000000c4300000)
 Metaspace       used 60180K, committed 61312K, reserved 1105920K
  class space    used 6246K, committed 6784K, reserved 1048576K
}
Event: 244.891 GC heap after
{Heap after GC invocations=44 (full 3):
 PSYoungGen      total 16384K, used 1504K [0x00000000eab00000, 0x00000000ebd80000, 0x0000000100000000)
  eden space 14848K, 0% used [0x00000000eab00000,0x00000000eab00000,0x00000000eb980000)
  from space 1536K, 97% used [0x00000000eb980000,0x00000000ebaf8020,0x00000000ebb00000)
  to   space 2048K, 0% used [0x00000000ebb80000,0x00000000ebb80000,0x00000000ebd80000)
 ParOldGen       total 68608K, used 53385K [0x00000000c0000000, 0x00000000c4300000, 0x00000000eab00000)
  object space 68608K, 77% used [0x00000000c0000000,0x00000000c34227e8,0x00000000c4300000)
 Metaspace       used 60180K, committed 61312K, reserved 1105920K
  class space    used 6246K, committed 6784K, reserved 1048576K
}
Event: 252.191 GC heap before
{Heap before GC invocations=45 (full 3):
 PSYoungGen      total 16384K, used 16352K [0x00000000eab00000, 0x00000000ebd80000, 0x0000000100000000)
  eden space 14848K, 100% used [0x00000000eab00000,0x00000000eb980000,0x00000000eb980000)
  from space 1536K, 97% used [0x00000000eb980000,0x00000000ebaf8020,0x00000000ebb00000)
  to   space 2048K, 0% used [0x00000000ebb80000,0x00000000ebb80000,0x00000000ebd80000)
 ParOldGen       total 68608K, used 53385K [0x00000000c0000000, 0x00000000c4300000, 0x00000000eab00000)
  object space 68608K, 77% used [0x00000000c0000000,0x00000000c34227e8,0x00000000c4300000)
 Metaspace       used 60407K, committed 61504K, reserved 1105920K
  class space    used 6267K, committed 6784K, reserved 1048576K
}
Event: 252.205 GC heap after
{Heap after GC invocations=45 (full 3):
 PSYoungGen      total 16384K, used 1232K [0x00000000eab00000, 0x00000000ebd00000, 0x0000000100000000)
  eden space 14848K, 0% used [0x00000000eab00000,0x00000000eab00000,0x00000000eb980000)
  from space 1536K, 80% used [0x00000000ebb80000,0x00000000ebcb4010,0x00000000ebd00000)
  to   space 1536K, 0% used [0x00000000eb980000,0x00000000eb980000,0x00000000ebb00000)
 ParOldGen       total 68608K, used 54630K [0x00000000c0000000, 0x00000000c4300000, 0x00000000eab00000)
  object space 68608K, 79% used [0x00000000c0000000,0x00000000c35599f8,0x00000000c4300000)
 Metaspace       used 60407K, committed 61504K, reserved 1105920K
  class space    used 6267K, committed 6784K, reserved 1048576K
}

